\BOOKMARK [1][-]{section.1}{Theorie}{}% 1
\BOOKMARK [2][-]{subsection.1.1}{Einleitung}{section.1}% 2
\BOOKMARK [2][-]{subsection.1.2}{Michelson-Interferometer}{section.1}% 3
\BOOKMARK [2][-]{subsection.1.3}{Physikalische Grundlagen}{section.1}% 4
\BOOKMARK [3][-]{subsubsection.1.3.1}{Koh\344renz}{subsection.1.3}% 5
\BOOKMARK [3][-]{subsubsection.1.3.2}{Interferenz und Beugung}{subsection.1.3}% 6
\BOOKMARK [2][-]{subsection.1.4}{Varianten der Holographie}{section.1}% 7
\BOOKMARK [3][-]{subsubsection.1.4.1}{Transmissionsholographie}{subsection.1.4}% 8
\BOOKMARK [3][-]{subsubsection.1.4.2}{Reflexionsholographie}{subsection.1.4}% 9
\BOOKMARK [3][-]{subsubsection.1.4.3}{Andere Verfahren}{subsection.1.4}% 10
\BOOKMARK [1][-]{section.2}{Durchf\374hrung}{}% 11
\BOOKMARK [2][-]{subsection.2.1}{Erstellung der Hologramme}{section.2}% 12
\BOOKMARK [2][-]{subsection.2.2}{Entwicklung des Films}{section.2}% 13
\BOOKMARK [2][-]{subsection.2.3}{Aufgabe 4}{section.2}% 14
\BOOKMARK [2][-]{subsection.2.4}{Koh\344renzl\344nge}{section.2}% 15
\BOOKMARK [2][-]{subsection.2.5}{Stabilit\344t des Aufbaus}{section.2}% 16
\BOOKMARK [1][-]{section.3}{Koh\344renzl\344nge des He-Ne-Lasers}{}% 17
\BOOKMARK [1][-]{section.4}{St\366rungen des Interferenzbildes}{}% 18
\BOOKMARK [1][-]{section.5}{Diskussion}{}% 19
\BOOKMARK [1][-]{section.6}{Quelle}{}% 20
